[debug] [2020-02-26T17:26:52.327Z] ----------------------------------------------------------------------
[debug] [2020-02-26T17:26:52.331Z] Command:       C:\Program Files\nodejs\node.exe C:\Users\User\AppData\Roaming\npm\node_modules\firebase-tools\lib\bin\firebase.js serve
[debug] [2020-02-26T17:26:52.332Z] CLI Version:   7.13.1
[debug] [2020-02-26T17:26:52.332Z] Platform:      win32
[debug] [2020-02-26T17:26:52.332Z] Node Version:  v10.16.3
[debug] [2020-02-26T17:26:52.335Z] Time:          Wed Feb 26 2020 21:26:52 GMT+0400 (GMT+04:00)
[debug] [2020-02-26T17:26:52.335Z] ----------------------------------------------------------------------
[debug] [2020-02-26T17:26:52.335Z] 
[debug] [2020-02-26T17:26:52.355Z] > command requires scopes: ["email","openid","https://www.googleapis.com/auth/cloudplatformprojects.readonly","https://www.googleapis.com/auth/firebase","https://www.googleapis.com/auth/cloud-platform"]
[debug] [2020-02-26T17:26:52.356Z] > authorizing via signed-in user
[debug] [2020-02-26T17:26:52.356Z] [iam] checking project time-controller-a7631 for permissions ["firebase.projects.get"]
[debug] [2020-02-26T17:26:52.360Z] >>> HTTP REQUEST POST https://cloudresourcemanager.googleapis.com/v1/projects/time-controller-a7631:testIamPermissions  

[debug] [2020-02-26T17:26:53.623Z] <<< HTTP RESPONSE 200
[debug] [2020-02-26T17:26:53.627Z] >>> HTTP REQUEST GET https://firebase.googleapis.com/v1beta1/projects/time-controller-a7631  
 
[debug] [2020-02-26T17:26:54.022Z] <<< HTTP RESPONSE 200
[info] 
[info] === Serving from 'C:\Users\User\WebstormProjects\final_project_front'...
[info] 
[debug] [2020-02-26T17:26:54.029Z] >>> HTTP REQUEST GET https://firebase.googleapis.com/v1beta1/projects/time-controller-a7631/webApps/-/config  
 
[debug] [2020-02-26T17:26:55.004Z] <<< HTTP RESPONSE 200
[info] i  hosting: Serving hosting files from: public
[info] +  hosting: Local server: http://localhost:5000
[debug] [2020-02-27T23:41:52.116Z] ----------------------------------------------------------------------
[debug] [2020-02-27T23:41:52.121Z] Command:       C:\Program Files\nodejs\node.exe C:\Users\User\AppData\Roaming\npm\node_modules\firebase-tools\lib\bin\firebase.js serve
[debug] [2020-02-27T23:41:52.122Z] CLI Version:   7.13.1
[debug] [2020-02-27T23:41:52.122Z] Platform:      win32
[debug] [2020-02-27T23:41:52.122Z] Node Version:  v10.16.3
[debug] [2020-02-27T23:41:52.151Z] Time:          Fri Feb 28 2020 03:41:52 GMT+0400 (GMT+04:00)
[debug] [2020-02-27T23:41:52.151Z] ----------------------------------------------------------------------
[debug] [2020-02-27T23:41:52.151Z] 
[debug] [2020-02-27T23:41:52.211Z] > command requires scopes: ["email","openid","https://www.googleapis.com/auth/cloudplatformprojects.readonly","https://www.googleapis.com/auth/firebase","https://www.googleapis.com/auth/cloud-platform"]
[debug] [2020-02-27T23:41:52.212Z] > authorizing via signed-in user
[debug] [2020-02-27T23:41:52.213Z] [iam] checking project time-controller-a7631 for permissions ["firebase.projects.get"]
[debug] [2020-02-27T23:41:52.221Z] > refreshing access token with scopes: ["email","https://www.googleapis.com/auth/cloud-platform","https://www.googleapis.com/auth/cloudplatformprojects.readonly","https://www.googleapis.com/auth/firebase","openid"]
[debug] [2020-02-27T23:41:52.221Z] >>> HTTP REQUEST POST https://www.googleapis.com/oauth2/v3/token  
 <request body omitted>
[debug] [2020-02-27T23:41:52.707Z] <<< HTTP RESPONSE 200
[debug] [2020-02-27T23:41:52.718Z] >>> HTTP REQUEST POST https://cloudresourcemanager.googleapis.com/v1/projects/time-controller-a7631:testIamPermissions  

[debug] [2020-02-27T23:41:53.974Z] <<< HTTP RESPONSE 200
[debug] [2020-02-27T23:41:53.979Z] >>> HTTP REQUEST GET https://firebase.googleapis.com/v1beta1/projects/time-controller-a7631  
 
[debug] [2020-02-27T23:41:54.508Z] <<< HTTP RESPONSE 200
[info] 
[info] === Serving from 'C:\Users\User\WebstormProjects\final_project_front'...
[info] 
[debug] [2020-02-27T23:41:54.522Z] >>> HTTP REQUEST GET https://firebase.googleapis.com/v1beta1/projects/time-controller-a7631/webApps/-/config  
 
[debug] [2020-02-27T23:41:55.405Z] <<< HTTP RESPONSE 200
[info] i  hosting: Serving hosting files from: public
[info] +  hosting: Local server: http://localhost:5000
[debug] [2020-02-28T12:58:04.967Z] ----------------------------------------------------------------------
[debug] [2020-02-28T12:58:05.013Z] Command:       C:\Program Files\nodejs\node.exe C:\Users\User\AppData\Roaming\npm\node_modules\firebase-tools\lib\bin\firebase.js serve
[debug] [2020-02-28T12:58:05.014Z] CLI Version:   7.14.0
[debug] [2020-02-28T12:58:05.014Z] Platform:      win32
[debug] [2020-02-28T12:58:05.014Z] Node Version:  v10.16.3
[debug] [2020-02-28T12:58:05.065Z] Time:          Fri Feb 28 2020 16:58:05 GMT+0400 (GMT+04:00)
[debug] [2020-02-28T12:58:05.066Z] ----------------------------------------------------------------------
[debug] [2020-02-28T12:58:05.066Z] 
[debug] [2020-02-28T12:58:05.171Z] > command requires scopes: ["email","openid","https://www.googleapis.com/auth/cloudplatformprojects.readonly","https://www.googleapis.com/auth/firebase","https://www.googleapis.com/auth/cloud-platform"]
[debug] [2020-02-28T12:58:05.174Z] > authorizing via signed-in user
[debug] [2020-02-28T12:58:05.180Z] [iam] checking project time-controller-a7631 for permissions ["firebase.projects.get"]
[debug] [2020-02-28T12:58:05.199Z] > refreshing access token with scopes: ["email","https://www.googleapis.com/auth/cloud-platform","https://www.googleapis.com/auth/cloudplatformprojects.readonly","https://www.googleapis.com/auth/firebase","openid"]
[debug] [2020-02-28T12:58:05.200Z] >>> HTTP REQUEST POST https://www.googleapis.com/oauth2/v3/token  
 <request body omitted>
[debug] [2020-02-28T12:58:06.046Z] <<< HTTP RESPONSE 200
[debug] [2020-02-28T12:58:06.060Z] >>> HTTP REQUEST POST https://cloudresourcemanager.googleapis.com/v1/projects/time-controller-a7631:testIamPermissions  

[debug] [2020-02-28T12:58:08.012Z] <<< HTTP RESPONSE 200
[debug] [2020-02-28T12:58:08.015Z] >>> HTTP REQUEST GET https://firebase.googleapis.com/v1beta1/projects/time-controller-a7631  
 
[debug] [2020-02-28T12:58:08.883Z] <<< HTTP RESPONSE 200
[info] 
[info] === Serving from 'C:\Users\User\WebstormProjects\final_project_front'...
[info] 
[debug] [2020-02-28T12:58:08.898Z] >>> HTTP REQUEST GET https://firebase.googleapis.com/v1beta1/projects/time-controller-a7631/webApps/-/config  
 
[debug] [2020-02-28T12:58:10.236Z] <<< HTTP RESPONSE 200
[info] i  hosting: Serving hosting files from: public
[info] +  hosting: Local server: http://localhost:5000
